<?xml version="1.0" encoding="UTF-8"?>
<!-- Generated by org.testng.reporters.JUnitReportReporter -->
<testsuite hostname="GXNB-PG03THMB" failures="0" tests="1" name="SeleniumTest.SeleniumBasics" time="4.351" errors="0" timestamp="2024-11-28T13:55:41 IST" skipped="0">
  <testcase classname="SeleniumTest.SeleniumBasics" name="Starting" time="4.351"/>
  <system-out/>
</testsuite> <!-- SeleniumTest.SeleniumBasics -->
